proguard/seeds.txt
com.pandacoder.MireaWallpaper.Utils.RingTexureBank$BorderType: com.pandacoder.MireaWallpaper.Utils.RingTexureBank$BorderType[] values()
com.pandacoder.MireaWallpaper.Utils.RingTexureBank$BorderType: com.pandacoder.MireaWallpaper.Utils.RingTexureBank$BorderType valueOf(java.lang.String)
com.pandacoder.MireaWallpaper.Utils.RingTexureBank$BorderTextures: com.pandacoder.MireaWallpaper.Utils.RingTexureBank$BorderTextures[] values()
com.pandacoder.MireaWallpaper.Utils.RingTexureBank$BorderTextures: com.pandacoder.MireaWallpaper.Utils.RingTexureBank$BorderTextures valueOf(java.lang.String)
com.pandacoder.MireaWallpaper.Wallpaper
...
com.badlogic.gdx.physics.box2d.Body
com.badlogic.gdx.physics.box2d.Body: long jniCreateFixture(long,long,float,float,float,boolean,short,short,short)
com.badlogic.gdx.physics.box2d.Body: long jniCreateFixture(long,long,float)
com.badlogic.gdx.physics.box2d.Body: void jniDestroyFixture(long,long)
com.badlogic.gdx.physics.box2d.Body: void jniSetTransform(long,float,float,float)
com.badlogic.gdx.physics.box2d.Body: void jniGetTransform(long,float[])
com.badlogic.gdx.physics.box2d.Body: void jniGetPosition(long,float[])
com.badlogic.gdx.physics.box2d.Body: float jniGetAngle(long)
com.badlogic.gdx.physics.box2d.Body: void jniGetWorldCenter(long,float[])
com.badlogic.gdx.physics.box2d.Body: void jniGetLocalCenter(long,float[])
com.badlogic.gdx.physics.box2d.Body: void jniSetLinearVelocity(long,float,float)
com.badlogic.gdx.physics.box2d.Body: void jniGetLinearVelocity(long,float[])
com.badlogic.gdx.physics.box2d.Body: void jniSetAngularVelocity(long,float)
com.badlogic.gdx.physics.box2d.Body: float jniGetAngularVelocity(long)
com.badlogic.gdx.physics.box2d.Body: void jniApplyForce(long,float,float,float,float)
com.badlogic.gdx.physics.box2d.Body: void jniApplyTorque(long,float)
com.badlogic.gdx.physics.box2d.Body: void jniApplyLinearImpulse(long,float,float,float,float)
com.badlogic.gdx.physics.box2d.Body: void jniApplyAngularImpulse(long,float)
com.badlogic.gdx.physics.box2d.Body: float jniGetMass(long)
com.badlogic.gdx.physics.box2d.Body: float jniGetInertia(long)
com.badlogic.gdx.physics.box2d.PolygonShape
com.badlogic.gdx.physics.box2d.PolygonShape: long newPolygonShape()
com.badlogic.gdx.physics.box2d.PolygonShape: void jniSet(long,float[])
com.badlogic.gdx.physics.box2d.PolygonShape: void jniSetAsBox(long,float,float)
com.badlogic.gdx.physics.box2d.PolygonShape: void jniSetAsBox(long,float,float,float,float,float)
com.badlogic.gdx.physics.box2d.PolygonShape: void jniSetAsEdge(long,float,float,float,float)
com.badlogic.gdx.physics.box2d.PolygonShape: int jniGetVertexCount(long)
com.badlogic.gdx.physics.box2d.PolygonShape: void jniGetVertex(long,int,float[])
com.badlogic.gdx.physics.box2d.Shape: float jniGetRadius(long)
com.badlogic.gdx.physics.box2d.Shape: void jniSetRadius(long,float)
com.badlogic.gdx.physics.box2d.Shape: void jniDispose(long)
com.badlogic.gdx.physics.box2d.Shape: int jniGetType(long)
com.badlogic.gdx.math.Matrix4
com.badlogic.gdx.math.Matrix4: void mul(float[],float[])
com.badlogic.gdx.math.Matrix4: void mulVec(float[],float[])
com.badlogic.gdx.math.Matrix4: void mulVec(float[],float[],int,int,int)
com.badlogic.gdx.math.Matrix4: void prj(float[],float[])
com.badlogic.gdx.math.Matrix4: void prj(float[],float[],int,int,int)
com.badlogic.gdx.math.Matrix4: void rot(float[],float[])
com.badlogic.gdx.math.Matrix4: void rot(float[],float[],int,int,int)
com.badlogic.gdx.math.Matrix4: boolean inv(float[])
com.badlogic.gdx.math.Matrix4: float det(float[])
com.badlogic.gdx.graphics.g3d.loaders.md5.MD5Jni
com.badlogic.gdx.graphics.g3d.loaders.md5.MD5Jni: void calculateVertices(float[],float[],float[],float[],int)
com.badlogic.gdx.physics.box2d.joints.DistanceJoint
com.badlogic.gdx.physics.box2d.joints.DistanceJoint: void jniSetLength(long,float)
com.badlogic.gdx.physics.box2d.joints.DistanceJoint: float jniGetLength(long)
com.badlogic.gdx.physics.box2d.joints.DistanceJoint: void jniSetFrequency(long,float)
com.badlogic.gdx.physics.box2d.joints.DistanceJoint: float jniGetFrequency(long)
com.badlogic.gdx.physics.box2d.joints.DistanceJoint: void jniSetDampingRatio(long,float)
com.badlogic.gdx.physics.box2d.joints.DistanceJoint: float jniGetDampingRatio(long)