proguard/mapping.txt
com.pandacoder.MireaWallpaper.Shapes.Ring -> com.pandacoder.MireaWallpaper.a.a:
    float[] quoteCircleCoord -> a
    float[] vertices -> b
    com.badlogic.gdx.graphics.Texture texture -> c
    com.badlogic.gdx.graphics.Mesh diskMesh -> d
    float[] color -> e
    float x -> f
    float y -> g
    float thickness -> h
    float radius -> i
    boolean dirtyVertices -> j
    float[] deformationMatrix -> k
    void init() -> c
    void setDeformation(float) -> a
    void setTexture(com.badlogic.gdx.graphics.Texture) -> a
    void setColor$13462e() -> a
    void setParams(float,float,float,float) -> a
    void draw() -> b
com.pandacoder.MireaWallpaper.Utils.CirclesList -> com.pandacoder.MireaWallpaper.b.e:
com.pandacoder.MireaWallpaper.Utils.CirclesList$MyCircle -> com.pandacoder.MireaWallpaper.b.d:
    float radius -> a
com.pandacoder.MireaWallpaper.Utils.RingTexureBank -> com.pandacoder.MireaWallpaper.b.a:
    com.pandacoder.MireaWallpaper.Utils.RingTexureBank$BorderTextures[] borderTexturesCache -> a
    void regenerateTextures() -> a
    com.badlogic.gdx.graphics.Texture get(float) -> a
    com.badlogic.gdx.graphics.Texture generateTexture(int,com.pandacoder.MireaWallpaper.Utils.RingTexureBank$BorderType) -> a
com.pandacoder.MireaWallpaper.Utils.RingTexureBank$BorderTextures -> com.pandacoder.MireaWallpaper.b.c:
    com.pandacoder.MireaWallpaper.Utils.RingTexureBank$BorderTextures upto10 -> a
    com.pandacoder.MireaWallpaper.Utils.RingTexureBank$BorderTextures upto20 -> b
    com.pandacoder.MireaWallpaper.Utils.RingTexureBank$BorderTextures upto30 -> c
    com.pandacoder.MireaWallpaper.Utils.RingTexureBank$BorderTextures upto45 -> d
    com.pandacoder.MireaWallpaper.Utils.RingTexureBank$BorderTextures upto60 -> e
    com.badlogic.gdx.graphics.Texture texture -> f
    int size2power -> g
    int validWidth -> h
    com.pandacoder.MireaWallpaper.Utils.RingTexureBank$BorderType borderType -> i
    com.pandacoder.MireaWallpaper.Utils.RingTexureBank$BorderTextures[] ENUM$VALUES -> j
    com.pandacoder.MireaWallpaper.Utils.RingTexureBank$BorderTextures[] values() -> values
    com.pandacoder.MireaWallpaper.Utils.RingTexureBank$BorderTextures valueOf(java.lang.String) -> valueOf
    int access$2(com.pandacoder.MireaWallpaper.Utils.RingTexureBank$BorderTextures) -> a
    com.pandacoder.MireaWallpaper.Utils.RingTexureBank$BorderType access$3(com.pandacoder.MireaWallpaper.Utils.RingTexureBank$BorderTextures) -> b
    void access$4(com.pandacoder.MireaWallpaper.Utils.RingTexureBank$BorderTextures,com.badlogic.gdx.graphics.Texture) -> a
    com.badlogic.gdx.graphics.Texture access$5(com.pandacoder.MireaWallpaper.Utils.RingTexureBank$BorderTextures) -> c
com.pandacoder.MireaWallpaper.Utils.RingTexureBank$BorderType -> com.pandacoder.MireaWallpaper.b.b:
    com.pandacoder.MireaWallpaper.Utils.RingTexureBank$BorderType BASE -> a
    com.pandacoder.MireaWallpaper.Utils.RingTexureBank$BorderType TRANSIENT -> b
    com.pandacoder.MireaWallpaper.Utils.RingTexureBank$BorderType[] ENUM$VALUES -> c
    com.pandacoder.MireaWallpaper.Utils.RingTexureBank$BorderType[] values() -> values
    com.pandacoder.MireaWallpaper.Utils.RingTexureBank$BorderType valueOf(java.lang.String) -> valueOf
com.pandacoder.MireaWallpaper.Wallpaper -> com.pandacoder.MireaWallpaper.Wallpaper:
    android.view.Display mDisplay -> b
    android.service.wallpaper.WallpaperService$Engine onCreateEngine() -> onCreateEngine
    int access$0(com.pandacoder.MireaWallpaper.Wallpaper) -> a
com.pandacoder.MireaWallpaper.Wallpaper$MireaWallpaperEngine -> com.pandacoder.MireaWallpaper.a:
    com.pandacoder.MireaWallpaper.Wallpaper this$0 -> a
    void initialize(com.badlogic.gdx.backends.android.livewallpaper.AndroidApplicationLW) -> a
    void onDestroy() -> onDestroy
...
com.badlogic.gdx.backends.android.surfaceview.GLBaseSurfaceView$ComponentSizeChooser -> com.badlogic.gdx.backends.android.surfaceview.i:
    int[] mValue -> d
    int mRedSize -> a
    int mGreenSize -> b
    int mBlueSize -> c
    int mAlphaSize -> e
    int mDepthSize -> f
    int mStencilSize -> g
    javax.microedition.khronos.egl.EGLConfig chooseConfig(javax.microedition.khronos.egl.EGL10,javax.microedition.khronos.egl.EGLDisplay,javax.microedition.khronos.egl.EGLConfig[]) -> a
    int findConfigAttrib$6739ccb4(javax.microedition.khronos.egl.EGL10,javax.microedition.khronos.egl.EGLDisplay,javax.microedition.khronos.egl.EGLConfig,int) -> a
com.badlogic.gdx.backends.android.surfaceview.GLBaseSurfaceView$DefaultContextFactory -> com.badlogic.gdx.backends.android.surfaceview.e:
    javax.microedition.khronos.egl.EGLContext createContext(javax.microedition.khronos.egl.EGL10,javax.microedition.khronos.egl.EGLDisplay,javax.microedition.khronos.egl.EGLConfig) -> a
    void destroyContext(javax.microedition.khronos.egl.EGL10,javax.microedition.khronos.egl.EGLDisplay,javax.microedition.khronos.egl.EGLContext) -> a
com.badlogic.gdx.backends.android.surfaceview.GLBaseSurfaceView$DefaultWindowSurfaceFactory -> com.badlogic.gdx.backends.android.surfaceview.w:
    javax.microedition.khronos.egl.EGLSurface createWindowSurface(javax.microedition.khronos.egl.EGL10,javax.microedition.khronos.egl.EGLDisplay,javax.microedition.khronos.egl.EGLConfig,java.lang.Object) -> a
    void destroySurface(javax.microedition.khronos.egl.EGL10,javax.microedition.khronos.egl.EGLDisplay,javax.microedition.khronos.egl.EGLSurface) -> a
com.badlogic.gdx.backends.android.surfaceview.GLBaseSurfaceView$EGLContextFactory -> com.badlogic.gdx.backends.android.surfaceview.z:
    javax.microedition.khronos.egl.EGLContext createContext(javax.microedition.khronos.egl.EGL10,javax.microedition.khronos.egl.EGLDisplay,javax.microedition.khronos.egl.EGLConfig) -> a
    void destroyContext(javax.microedition.khronos.egl.EGL10,javax.microedition.khronos.egl.EGLDisplay,javax.microedition.khronos.egl.EGLContext) -> a
com.badlogic.gdx.backends.android.surfaceview.GLBaseSurfaceView$EGLWindowSurfaceFactory -> com.badlogic.gdx.backends.android.surfaceview.a:
    javax.microedition.khronos.egl.EGLSurface createWindowSurface(javax.microedition.khronos.egl.EGL10,javax.microedition.khronos.egl.EGLDisplay,javax.microedition.khronos.egl.EGLConfig,java.lang.Object) -> a
    void destroySurface(javax.microedition.khronos.egl.EGL10,javax.microedition.khronos.egl.EGLDisplay,javax.microedition.khronos.egl.EGLSurface) -> a
com.badlogic.gdx.backends.android.surfaceview.GLBaseSurfaceView$EglHelper -> com.badlogic.gdx.backends.android.surfaceview.d:
    javax.microedition.khronos.egl.EGL10 mEgl -> a
    javax.microedition.khronos.egl.EGLDisplay mEglDisplay -> b
    javax.microedition.khronos.egl.EGLSurface mEglSurface -> c
    javax.microedition.khronos.egl.EGLConfig mEglConfig -> d
    javax.microedition.khronos.egl.EGLContext mEglContext -> e
    com.badlogic.gdx.backends.android.surfaceview.GLBaseSurfaceView this$0 -> f
    javax.microedition.khronos.opengles.GL createSurface(android.view.SurfaceHolder) -> a
    void throwEglException(java.lang.String) -> a