proguard/usage.txt
com.pandacoder.MireaWallpaper.R
com.pandacoder.MireaWallpaper.R$attr
com.pandacoder.MireaWallpaper.R$dimen
com.pandacoder.MireaWallpaper.R$drawable
com.pandacoder.MireaWallpaper.R$string
com.pandacoder.MireaWallpaper.R$xml
com.pandacoder.MireaWallpaper.Shapes.Ring:
    private static final int RING_QUOTE_APROXIMATION_PIECES
    private static final int RING_APROXIMATION_PIECES
    222:224:public void dispose()
com.pandacoder.MireaWallpaper.WallpaperGraphicsEngine:
    private static final java.lang.String LOG_TAG
    private static final java.lang.String PREFS_NAME
    private static final java.lang.String CIRCLES_RADIUS_ARRAY_PREFF_KEY
    public static final int DEFAULT_FRAME_INTERVAL
...
com.badlogic.gdx.backends.android.AndroidMultiTouchHandler
com.badlogic.gdx.backends.android.AndroidMusic:
    30:33:AndroidMusic(com.badlogic.gdx.backends.android.AndroidAudio,android.media.MediaPlayer)
    49:49:public boolean isLooping()
    77:78:public void setLooping(boolean)
    81:82:public void setVolume(float)
    85:90:public void stop()
    93:93:public float getPosition()
com.badlogic.gdx.backends.android.AndroidPreferences
com.badlogic.gdx.backends.android.AndroidSingleTouchHandler
com.badlogic.gdx.backends.android.AndroidSound
com.badlogic.gdx.backends.android.livewallpaper.AndroidApplicationLW:
    245:245:public com.badlogic.gdx.Application$ApplicationType getType()
    253:253:public int getVersion()
    258:258:public long getJavaHeap()
    264:264:public long getNativeHeap()
    280:280:public com.badlogic.gdx.Preferences getPreferences(java.lang.String)
    284:287:public void postRunnable(java.lang.Runnable)
    297:298:public void log(java.lang.String,java.lang.String,java.lang.Exception)
com.badlogic.gdx.backends.android.livewallpaper.AndroidAudioDeviceLW
com.badlogic.gdx.backends.android.livewallpaper.AndroidAudioLW:
    85:110:public com.badlogic.gdx.audio.Music newMusic(com.badlogic.gdx.files.FileHandle)
    120:135:public com.badlogic.gdx.audio.Sound newSound(com.badlogic.gdx.files.FileHandle)
    144:144:public com.badlogic.gdx.audio.AudioRecorder newAudioRecoder(int,boolean)
    157:157:public com.badlogic.gdx.audio.AudioDevice newAudioDevice(int,boolean)
com.badlogic.gdx.backends.android.livewallpaper.AndroidFileHandleLW
com.badlogic.gdx.backends.android.livewallpaper.AndroidGL10:
    35:36:public final void glActiveTexture(int)
    39:40:public final void glAlphaFunc(int,float)
    59:60:public final void glClearDepthf(float)
    63:64:public final void glClearStencil(int)
    75:76:public final void glColorMask(boolean,boolean,boolean,boolean)
    84:85:public final void glCompressedTexImage2D(int,int,int,int,int,int,int,java.nio.Buffer)
    89:90:public final void glCompressedTexSubImage2D(int,int,int,int,int,int,int,int,java.nio.Buffer)
    94:95:public final void glCopyTexImage2D(int,int,int,int,int,int,int,int)
    99:100:public final void glCopyTexSubImage2D(int,int,int,int,int,int,int,int)
    103:104:public final void glCullFace(int)
    111:112:public final void glDepthFunc(int)
    119:120:public final void glDepthRangef(float,float)
    147:148:public final void glFinish()
    151:152:public final void glFlush()
    155:156:public final void glFogf(int,float)
    159:160:public final void glFogfv(int,java.nio.FloatBuffer)
    163:164:public final void glFrontFace(int)
    167:168:public final void glFrustumf(float,float,float,float,float,float)
    175:175:public final int glGetError()
    179:180:public final void glGetIntegerv(int,java.nio.IntBuffer)
    183:183:public final java.lang.String glGetString(int)
    187:188:public final void glHint(int,int)
    191:192:public final void glLightModelf(int,float)
    195:196:public final void glLightModelfv(int,java.nio.FloatBuffer)